-------------------------------------------------------------------------------
Test set: com.test.dao.SiteDAOTest
-------------------------------------------------------------------------------
Tests run: 4, Failures: 0, Errors: 4, Skipped: 0, Time elapsed: 2.062 sec <<< FAILURE!
test(com.test.dao.SiteDAOTest)  Time elapsed: 1.77 sec  <<< ERROR!
javax.persistence.PersistenceException: org.hibernate.exception.SQLGrammarException: Column "SITE0_.LANGUAGE_CODE" not found; SQL statement:
select site0_.site_id as site1_1_1_, site0_.country_code as country2_1_1_, site0_.default_promotion_id as default4_1_1_, site0_.login_time_limit as login3_1_1_, site0_.country_code + '.' + site0_.language_code + '.' + site0_.brand_code as formula0_1_, promotion1_.promotion_id as promotion1_0_0_, promotion1_.name as name0_0_ from site site0_ left outer join promotion promotion1_ on site0_.default_promotion_id=promotion1_.promotion_id where site0_.site_id=? [42122-140]
	at org.hibernate.ejb.AbstractEntityManagerImpl.convert(AbstractEntityManagerImpl.java:1377)
	at org.hibernate.ejb.AbstractEntityManagerImpl.find(AbstractEntityManagerImpl.java:828)
	at org.hibernate.ejb.AbstractEntityManagerImpl.find(AbstractEntityManagerImpl.java:781)
	at sun.reflect.NativeMethodAccessorImpl.invoke0(Native Method)
	at sun.reflect.NativeMethodAccessorImpl.invoke(NativeMethodAccessorImpl.java:39)
	at sun.reflect.DelegatingMethodAccessorImpl.invoke(DelegatingMethodAccessorImpl.java:25)
	at java.lang.reflect.Method.invoke(Method.java:597)
	at org.springframework.orm.jpa.ExtendedEntityManagerCreator$ExtendedEntityManagerInvocationHandler.invoke(ExtendedEntityManagerCreator.java:365)
	at $Proxy26.find(Unknown Source)
	at com.test.dao.SiteDAOTest.test(SiteDAOTest.java:34)
	at sun.reflect.NativeMethodAccessorImpl.invoke0(Native Method)
	at sun.reflect.NativeMethodAccessorImpl.invoke(NativeMethodAccessorImpl.java:39)
	at sun.reflect.DelegatingMethodAccessorImpl.invoke(DelegatingMethodAccessorImpl.java:25)
	at java.lang.reflect.Method.invoke(Method.java:597)
	at org.junit.runners.model.FrameworkMethod$1.runReflectiveCall(FrameworkMethod.java:44)
	at org.junit.internal.runners.model.ReflectiveCallable.run(ReflectiveCallable.java:15)
	at org.junit.runners.model.FrameworkMethod.invokeExplosively(FrameworkMethod.java:41)
	at org.junit.internal.runners.statements.InvokeMethod.evaluate(InvokeMethod.java:20)
	at org.springframework.test.context.junit4.statements.RunBeforeTestMethodCallbacks.evaluate(RunBeforeTestMethodCallbacks.java:74)
	at org.springframework.test.context.junit4.statements.RunAfterTestMethodCallbacks.evaluate(RunAfterTestMethodCallbacks.java:83)
	at org.springframework.test.context.junit4.statements.SpringRepeat.evaluate(SpringRepeat.java:72)
	at org.springframework.test.context.junit4.SpringJUnit4ClassRunner.runChild(SpringJUnit4ClassRunner.java:231)
	at org.junit.runners.BlockJUnit4ClassRunner.runChild(BlockJUnit4ClassRunner.java:50)
	at org.junit.runners.ParentRunner$3.run(ParentRunner.java:193)
	at org.junit.runners.ParentRunner$1.schedule(ParentRunner.java:52)
	at org.junit.runners.ParentRunner.runChildren(ParentRunner.java:191)
	at org.junit.runners.ParentRunner.access$000(ParentRunner.java:42)
	at org.junit.runners.ParentRunner$2.evaluate(ParentRunner.java:184)
	at org.springframework.test.context.junit4.statements.RunBeforeTestClassCallbacks.evaluate(RunBeforeTestClassCallbacks.java:61)
	at org.springframework.test.context.junit4.statements.RunAfterTestClassCallbacks.evaluate(RunAfterTestClassCallbacks.java:71)
	at org.junit.runners.ParentRunner.run(ParentRunner.java:236)
	at org.springframework.test.context.junit4.SpringJUnit4ClassRunner.run(SpringJUnit4ClassRunner.java:174)
	at org.apache.maven.surefire.junit4.JUnit4TestSet.execute(JUnit4TestSet.java:53)
	at org.apache.maven.surefire.junit4.JUnit4Provider.executeTestSet(JUnit4Provider.java:123)
	at org.apache.maven.surefire.junit4.JUnit4Provider.invoke(JUnit4Provider.java:104)
	at sun.reflect.NativeMethodAccessorImpl.invoke0(Native Method)
	at sun.reflect.NativeMethodAccessorImpl.invoke(NativeMethodAccessorImpl.java:39)
	at sun.reflect.DelegatingMethodAccessorImpl.invoke(DelegatingMethodAccessorImpl.java:25)
	at java.lang.reflect.Method.invoke(Method.java:597)
	at org.apache.maven.surefire.util.ReflectionUtils.invokeMethodWithArray(ReflectionUtils.java:164)
	at org.apache.maven.surefire.booter.ProviderFactory$ProviderProxy.invoke(ProviderFactory.java:110)
	at org.apache.maven.surefire.booter.SurefireStarter.invokeProvider(SurefireStarter.java:175)
	at org.apache.maven.surefire.booter.SurefireStarter.runSuitesInProcessWhenForked(SurefireStarter.java:107)
	at org.apache.maven.surefire.booter.ForkedBooter.main(ForkedBooter.java:68)
Caused by: org.hibernate.exception.SQLGrammarException: Column "SITE0_.LANGUAGE_CODE" not found; SQL statement:
select site0_.site_id as site1_1_1_, site0_.country_code as country2_1_1_, site0_.default_promotion_id as default4_1_1_, site0_.login_time_limit as login3_1_1_, site0_.country_code + '.' + site0_.language_code + '.' + site0_.brand_code as formula0_1_, promotion1_.promotion_id as promotion1_0_0_, promotion1_.name as name0_0_ from site site0_ left outer join promotion promotion1_ on site0_.default_promotion_id=promotion1_.promotion_id where site0_.site_id=? [42122-140]
	at org.hibernate.exception.internal.SQLStateConversionDelegate.convert(SQLStateConversionDelegate.java:122)
	at org.hibernate.exception.internal.StandardSQLExceptionConverter.convert(StandardSQLExceptionConverter.java:49)
	at org.hibernate.engine.jdbc.spi.SqlExceptionHelper.convert(SqlExceptionHelper.java:125)
	at org.hibernate.engine.jdbc.spi.SqlExceptionHelper.convert(SqlExceptionHelper.java:110)
	at org.hibernate.engine.jdbc.internal.proxy.ConnectionProxyHandler.continueInvocation(ConnectionProxyHandler.java:146)
	at org.hibernate.engine.jdbc.internal.proxy.AbstractProxyHandler.invoke(AbstractProxyHandler.java:81)
	at $Proxy27.prepareStatement(Unknown Source)
	at org.hibernate.engine.jdbc.internal.StatementPreparerImpl$5.doPrepare(StatementPreparerImpl.java:147)
	at org.hibernate.engine.jdbc.internal.StatementPreparerImpl$StatementPreparationTemplate.prepareStatement(StatementPreparerImpl.java:166)
	at org.hibernate.engine.jdbc.internal.StatementPreparerImpl.prepareQueryStatement(StatementPreparerImpl.java:145)
	at org.hibernate.loader.Loader.prepareQueryStatement(Loader.java:1711)
	at org.hibernate.loader.Loader.doQuery(Loader.java:828)
	at org.hibernate.loader.Loader.doQueryAndInitializeNonLazyCollections(Loader.java:289)
	at org.hibernate.loader.Loader.doQueryAndInitializeNonLazyCollections(Loader.java:259)
	at org.hibernate.loader.Loader.loadEntity(Loader.java:2033)
	at org.hibernate.loader.entity.AbstractEntityLoader.load(AbstractEntityLoader.java:82)
	at org.hibernate.loader.entity.AbstractEntityLoader.load(AbstractEntityLoader.java:72)
	at org.hibernate.persister.entity.AbstractEntityPersister.load(AbstractEntityPersister.java:3719)
	at org.hibernate.event.internal.DefaultLoadEventListener.loadFromDatasource(DefaultLoadEventListener.java:449)
	at org.hibernate.event.internal.DefaultLoadEventListener.doLoad(DefaultLoadEventListener.java:418)
	at org.hibernate.event.internal.DefaultLoadEventListener.load(DefaultLoadEventListener.java:204)
	at org.hibernate.event.internal.DefaultLoadEventListener.proxyOrLoad(DefaultLoadEventListener.java:251)
	at org.hibernate.event.internal.DefaultLoadEventListener.onLoad(DefaultLoadEventListener.java:148)
	at org.hibernate.internal.SessionImpl.fireLoad(SessionImpl.java:1079)
	at org.hibernate.internal.SessionImpl.access$2200(SessionImpl.java:172)
	at org.hibernate.internal.SessionImpl$IdentifierLoadAccessImpl.load(SessionImpl.java:2425)
	at org.hibernate.internal.SessionImpl.get(SessionImpl.java:975)
	at org.hibernate.ejb.AbstractEntityManagerImpl.find(AbstractEntityManagerImpl.java:807)
	... 42 more
Caused by: org.h2.jdbc.JdbcSQLException: Column "SITE0_.LANGUAGE_CODE" not found; SQL statement:
select site0_.site_id as site1_1_1_, site0_.country_code as country2_1_1_, site0_.default_promotion_id as default4_1_1_, site0_.login_time_limit as login3_1_1_, site0_.country_code + '.' + site0_.language_code + '.' + site0_.brand_code as formula0_1_, promotion1_.promotion_id as promotion1_0_0_, promotion1_.name as name0_0_ from site site0_ left outer join promotion promotion1_ on site0_.default_promotion_id=promotion1_.promotion_id where site0_.site_id=? [42122-140]
	at org.h2.message.DbException.getJdbcSQLException(DbException.java:327)
	at org.h2.message.DbException.get(DbException.java:167)
	at org.h2.message.DbException.get(DbException.java:144)
	at org.h2.expression.ExpressionColumn.optimize(ExpressionColumn.java:127)
	at org.h2.expression.Operation.optimize(Operation.java:171)
	at org.h2.expression.Operation.optimize(Operation.java:152)
	at org.h2.expression.Operation.optimize(Operation.java:152)
	at org.h2.expression.Alias.optimize(Alias.java:47)
	at org.h2.command.dml.Select.prepare(Select.java:738)
	at org.h2.command.Parser.prepare(Parser.java:202)
	at org.h2.command.Parser.prepareCommand(Parser.java:214)
	at org.h2.engine.Session.prepareLocal(Session.java:434)
	at org.h2.engine.Session.prepareCommand(Session.java:384)
	at org.h2.jdbc.JdbcConnection.prepareCommand(JdbcConnection.java:1071)
	at org.h2.jdbc.JdbcPreparedStatement.<init>(JdbcPreparedStatement.java:71)
	at org.h2.jdbc.JdbcConnection.prepareStatement(JdbcConnection.java:234)
	at sun.reflect.NativeMethodAccessorImpl.invoke0(Native Method)
	at sun.reflect.NativeMethodAccessorImpl.invoke(NativeMethodAccessorImpl.java:39)
	at sun.reflect.DelegatingMethodAccessorImpl.invoke(DelegatingMethodAccessorImpl.java:25)
	at java.lang.reflect.Method.invoke(Method.java:597)
	at org.hibernate.engine.jdbc.internal.proxy.ConnectionProxyHandler.continueInvocation(ConnectionProxyHandler.java:138)
	... 65 more
testReadSiteBySiteId(com.test.dao.SiteDAOTest)  Time elapsed: 0.017 sec  <<< ERROR!
javax.persistence.PersistenceException: org.hibernate.exception.SQLGrammarException: Column "SITE0_.LANGUAGE_CODE" not found; SQL statement:
select site0_.site_id as site1_1_1_, site0_.country_code as country2_1_1_, site0_.default_promotion_id as default4_1_1_, site0_.login_time_limit as login3_1_1_, site0_.country_code + '.' + site0_.language_code + '.' + site0_.brand_code as formula0_1_, promotion1_.promotion_id as promotion1_0_0_, promotion1_.name as name0_0_ from site site0_ left outer join promotion promotion1_ on site0_.default_promotion_id=promotion1_.promotion_id where site0_.site_id=? [42122-140]
	at org.hibernate.ejb.AbstractEntityManagerImpl.convert(AbstractEntityManagerImpl.java:1377)
	at org.hibernate.ejb.AbstractEntityManagerImpl.find(AbstractEntityManagerImpl.java:828)
	at org.hibernate.ejb.AbstractEntityManagerImpl.find(AbstractEntityManagerImpl.java:781)
	at sun.reflect.NativeMethodAccessorImpl.invoke0(Native Method)
	at sun.reflect.NativeMethodAccessorImpl.invoke(NativeMethodAccessorImpl.java:39)
	at sun.reflect.DelegatingMethodAccessorImpl.invoke(DelegatingMethodAccessorImpl.java:25)
	at java.lang.reflect.Method.invoke(Method.java:597)
	at org.springframework.orm.jpa.ExtendedEntityManagerCreator$ExtendedEntityManagerInvocationHandler.invoke(ExtendedEntityManagerCreator.java:365)
	at $Proxy26.find(Unknown Source)
	at sun.reflect.NativeMethodAccessorImpl.invoke0(Native Method)
	at sun.reflect.NativeMethodAccessorImpl.invoke(NativeMethodAccessorImpl.java:39)
	at sun.reflect.DelegatingMethodAccessorImpl.invoke(DelegatingMethodAccessorImpl.java:25)
	at java.lang.reflect.Method.invoke(Method.java:597)
	at org.springframework.orm.jpa.SharedEntityManagerCreator$SharedEntityManagerInvocationHandler.invoke(SharedEntityManagerCreator.java:240)
	at $Proxy23.find(Unknown Source)
	at com.test.dao.jpa.SiteDAOJPA.readSiteBySiteId(SiteDAOJPA.java:20)
	at sun.reflect.NativeMethodAccessorImpl.invoke0(Native Method)
	at sun.reflect.NativeMethodAccessorImpl.invoke(NativeMethodAccessorImpl.java:39)
	at sun.reflect.DelegatingMethodAccessorImpl.invoke(DelegatingMethodAccessorImpl.java:25)
	at java.lang.reflect.Method.invoke(Method.java:597)
	at org.springframework.aop.support.AopUtils.invokeJoinpointUsingReflection(AopUtils.java:318)
	at org.springframework.aop.framework.JdkDynamicAopProxy.invoke(JdkDynamicAopProxy.java:196)
	at $Proxy24.readSiteBySiteId(Unknown Source)
	at com.test.dao.SiteDAOTest.testReadSiteBySiteId(SiteDAOTest.java:49)
	at sun.reflect.NativeMethodAccessorImpl.invoke0(Native Method)
	at sun.reflect.NativeMethodAccessorImpl.invoke(NativeMethodAccessorImpl.java:39)
	at sun.reflect.DelegatingMethodAccessorImpl.invoke(DelegatingMethodAccessorImpl.java:25)
	at java.lang.reflect.Method.invoke(Method.java:597)
	at org.junit.runners.model.FrameworkMethod$1.runReflectiveCall(FrameworkMethod.java:44)
	at org.junit.internal.runners.model.ReflectiveCallable.run(ReflectiveCallable.java:15)
	at org.junit.runners.model.FrameworkMethod.invokeExplosively(FrameworkMethod.java:41)
	at org.junit.internal.runners.statements.InvokeMethod.evaluate(InvokeMethod.java:20)
	at org.springframework.test.context.junit4.statements.RunBeforeTestMethodCallbacks.evaluate(RunBeforeTestMethodCallbacks.java:74)
	at org.springframework.test.context.junit4.statements.RunAfterTestMethodCallbacks.evaluate(RunAfterTestMethodCallbacks.java:83)
	at org.springframework.test.context.junit4.statements.SpringRepeat.evaluate(SpringRepeat.java:72)
	at org.springframework.test.context.junit4.SpringJUnit4ClassRunner.runChild(SpringJUnit4ClassRunner.java:231)
	at org.junit.runners.BlockJUnit4ClassRunner.runChild(BlockJUnit4ClassRunner.java:50)
	at org.junit.runners.ParentRunner$3.run(ParentRunner.java:193)
	at org.junit.runners.ParentRunner$1.schedule(ParentRunner.java:52)
	at org.junit.runners.ParentRunner.runChildren(ParentRunner.java:191)
	at org.junit.runners.ParentRunner.access$000(ParentRunner.java:42)
	at org.junit.runners.ParentRunner$2.evaluate(ParentRunner.java:184)
	at org.springframework.test.context.junit4.statements.RunBeforeTestClassCallbacks.evaluate(RunBeforeTestClassCallbacks.java:61)
	at org.springframework.test.context.junit4.statements.RunAfterTestClassCallbacks.evaluate(RunAfterTestClassCallbacks.java:71)
	at org.junit.runners.ParentRunner.run(ParentRunner.java:236)
	at org.springframework.test.context.junit4.SpringJUnit4ClassRunner.run(SpringJUnit4ClassRunner.java:174)
	at org.apache.maven.surefire.junit4.JUnit4TestSet.execute(JUnit4TestSet.java:53)
	at org.apache.maven.surefire.junit4.JUnit4Provider.executeTestSet(JUnit4Provider.java:123)
	at org.apache.maven.surefire.junit4.JUnit4Provider.invoke(JUnit4Provider.java:104)
	at sun.reflect.NativeMethodAccessorImpl.invoke0(Native Method)
	at sun.reflect.NativeMethodAccessorImpl.invoke(NativeMethodAccessorImpl.java:39)
	at sun.reflect.DelegatingMethodAccessorImpl.invoke(DelegatingMethodAccessorImpl.java:25)
	at java.lang.reflect.Method.invoke(Method.java:597)
	at org.apache.maven.surefire.util.ReflectionUtils.invokeMethodWithArray(ReflectionUtils.java:164)
	at org.apache.maven.surefire.booter.ProviderFactory$ProviderProxy.invoke(ProviderFactory.java:110)
	at org.apache.maven.surefire.booter.SurefireStarter.invokeProvider(SurefireStarter.java:175)
	at org.apache.maven.surefire.booter.SurefireStarter.runSuitesInProcessWhenForked(SurefireStarter.java:107)
	at org.apache.maven.surefire.booter.ForkedBooter.main(ForkedBooter.java:68)
Caused by: org.hibernate.exception.SQLGrammarException: Column "SITE0_.LANGUAGE_CODE" not found; SQL statement:
select site0_.site_id as site1_1_1_, site0_.country_code as country2_1_1_, site0_.default_promotion_id as default4_1_1_, site0_.login_time_limit as login3_1_1_, site0_.country_code + '.' + site0_.language_code + '.' + site0_.brand_code as formula0_1_, promotion1_.promotion_id as promotion1_0_0_, promotion1_.name as name0_0_ from site site0_ left outer join promotion promotion1_ on site0_.default_promotion_id=promotion1_.promotion_id where site0_.site_id=? [42122-140]
	at org.hibernate.exception.internal.SQLStateConversionDelegate.convert(SQLStateConversionDelegate.java:122)
	at org.hibernate.exception.internal.StandardSQLExceptionConverter.convert(StandardSQLExceptionConverter.java:49)
	at org.hibernate.engine.jdbc.spi.SqlExceptionHelper.convert(SqlExceptionHelper.java:125)
	at org.hibernate.engine.jdbc.spi.SqlExceptionHelper.convert(SqlExceptionHelper.java:110)
	at org.hibernate.engine.jdbc.internal.proxy.ConnectionProxyHandler.continueInvocation(ConnectionProxyHandler.java:146)
	at org.hibernate.engine.jdbc.internal.proxy.AbstractProxyHandler.invoke(AbstractProxyHandler.java:81)
	at $Proxy27.prepareStatement(Unknown Source)
	at org.hibernate.engine.jdbc.internal.StatementPreparerImpl$5.doPrepare(StatementPreparerImpl.java:147)
	at org.hibernate.engine.jdbc.internal.StatementPreparerImpl$StatementPreparationTemplate.prepareStatement(StatementPreparerImpl.java:166)
	at org.hibernate.engine.jdbc.internal.StatementPreparerImpl.prepareQueryStatement(StatementPreparerImpl.java:145)
	at org.hibernate.loader.Loader.prepareQueryStatement(Loader.java:1711)
	at org.hibernate.loader.Loader.doQuery(Loader.java:828)
	at org.hibernate.loader.Loader.doQueryAndInitializeNonLazyCollections(Loader.java:289)
	at org.hibernate.loader.Loader.doQueryAndInitializeNonLazyCollections(Loader.java:259)
	at org.hibernate.loader.Loader.loadEntity(Loader.java:2033)
	at org.hibernate.loader.entity.AbstractEntityLoader.load(AbstractEntityLoader.java:82)
	at org.hibernate.loader.entity.AbstractEntityLoader.load(AbstractEntityLoader.java:72)
	at org.hibernate.persister.entity.AbstractEntityPersister.load(AbstractEntityPersister.java:3719)
	at org.hibernate.event.internal.DefaultLoadEventListener.loadFromDatasource(DefaultLoadEventListener.java:449)
	at org.hibernate.event.internal.DefaultLoadEventListener.doLoad(DefaultLoadEventListener.java:418)
	at org.hibernate.event.internal.DefaultLoadEventListener.load(DefaultLoadEventListener.java:204)
	at org.hibernate.event.internal.DefaultLoadEventListener.proxyOrLoad(DefaultLoadEventListener.java:251)
	at org.hibernate.event.internal.DefaultLoadEventListener.onLoad(DefaultLoadEventListener.java:148)
	at org.hibernate.internal.SessionImpl.fireLoad(SessionImpl.java:1079)
	at org.hibernate.internal.SessionImpl.access$2200(SessionImpl.java:172)
	at org.hibernate.internal.SessionImpl$IdentifierLoadAccessImpl.load(SessionImpl.java:2425)
	at org.hibernate.internal.SessionImpl.get(SessionImpl.java:975)
	at org.hibernate.ejb.AbstractEntityManagerImpl.find(AbstractEntityManagerImpl.java:807)
	... 56 more
Caused by: org.h2.jdbc.JdbcSQLException: Column "SITE0_.LANGUAGE_CODE" not found; SQL statement:
select site0_.site_id as site1_1_1_, site0_.country_code as country2_1_1_, site0_.default_promotion_id as default4_1_1_, site0_.login_time_limit as login3_1_1_, site0_.country_code + '.' + site0_.language_code + '.' + site0_.brand_code as formula0_1_, promotion1_.promotion_id as promotion1_0_0_, promotion1_.name as name0_0_ from site site0_ left outer join promotion promotion1_ on site0_.default_promotion_id=promotion1_.promotion_id where site0_.site_id=? [42122-140]
	at org.h2.message.DbException.getJdbcSQLException(DbException.java:327)
	at org.h2.message.DbException.get(DbException.java:167)
	at org.h2.message.DbException.get(DbException.java:144)
	at org.h2.expression.ExpressionColumn.optimize(ExpressionColumn.java:127)
	at org.h2.expression.Operation.optimize(Operation.java:171)
	at org.h2.expression.Operation.optimize(Operation.java:152)
	at org.h2.expression.Operation.optimize(Operation.java:152)
	at org.h2.expression.Alias.optimize(Alias.java:47)
	at org.h2.command.dml.Select.prepare(Select.java:738)
	at org.h2.command.Parser.prepare(Parser.java:202)
	at org.h2.command.Parser.prepareCommand(Parser.java:214)
	at org.h2.engine.Session.prepareLocal(Session.java:434)
	at org.h2.engine.Session.prepareCommand(Session.java:384)
	at org.h2.jdbc.JdbcConnection.prepareCommand(JdbcConnection.java:1071)
	at org.h2.jdbc.JdbcPreparedStatement.<init>(JdbcPreparedStatement.java:71)
	at org.h2.jdbc.JdbcConnection.prepareStatement(JdbcConnection.java:234)
	at sun.reflect.NativeMethodAccessorImpl.invoke0(Native Method)
	at sun.reflect.NativeMethodAccessorImpl.invoke(NativeMethodAccessorImpl.java:39)
	at sun.reflect.DelegatingMethodAccessorImpl.invoke(DelegatingMethodAccessorImpl.java:25)
	at java.lang.reflect.Method.invoke(Method.java:597)
	at org.hibernate.engine.jdbc.internal.proxy.ConnectionProxyHandler.continueInvocation(ConnectionProxyHandler.java:138)
	... 79 more
testUpdateSite(com.test.dao.SiteDAOTest)  Time elapsed: 0.008 sec  <<< ERROR!
javax.persistence.PersistenceException: org.hibernate.exception.SQLGrammarException: Column "SITE0_.LANGUAGE_CODE" not found; SQL statement:
select site0_.site_id as site1_1_1_, site0_.country_code as country2_1_1_, site0_.default_promotion_id as default4_1_1_, site0_.login_time_limit as login3_1_1_, site0_.country_code + '.' + site0_.language_code + '.' + site0_.brand_code as formula0_1_, promotion1_.promotion_id as promotion1_0_0_, promotion1_.name as name0_0_ from site site0_ left outer join promotion promotion1_ on site0_.default_promotion_id=promotion1_.promotion_id where site0_.site_id=? [42122-140]
	at org.hibernate.ejb.AbstractEntityManagerImpl.convert(AbstractEntityManagerImpl.java:1377)
	at org.hibernate.ejb.AbstractEntityManagerImpl.find(AbstractEntityManagerImpl.java:828)
	at org.hibernate.ejb.AbstractEntityManagerImpl.find(AbstractEntityManagerImpl.java:781)
	at sun.reflect.NativeMethodAccessorImpl.invoke0(Native Method)
	at sun.reflect.NativeMethodAccessorImpl.invoke(NativeMethodAccessorImpl.java:39)
	at sun.reflect.DelegatingMethodAccessorImpl.invoke(DelegatingMethodAccessorImpl.java:25)
	at java.lang.reflect.Method.invoke(Method.java:597)
	at org.springframework.orm.jpa.ExtendedEntityManagerCreator$ExtendedEntityManagerInvocationHandler.invoke(ExtendedEntityManagerCreator.java:365)
	at $Proxy26.find(Unknown Source)
	at sun.reflect.NativeMethodAccessorImpl.invoke0(Native Method)
	at sun.reflect.NativeMethodAccessorImpl.invoke(NativeMethodAccessorImpl.java:39)
	at sun.reflect.DelegatingMethodAccessorImpl.invoke(DelegatingMethodAccessorImpl.java:25)
	at java.lang.reflect.Method.invoke(Method.java:597)
	at org.springframework.orm.jpa.SharedEntityManagerCreator$SharedEntityManagerInvocationHandler.invoke(SharedEntityManagerCreator.java:240)
	at $Proxy23.find(Unknown Source)
	at com.test.dao.jpa.SiteDAOJPA.readSiteBySiteId(SiteDAOJPA.java:20)
	at sun.reflect.NativeMethodAccessorImpl.invoke0(Native Method)
	at sun.reflect.NativeMethodAccessorImpl.invoke(NativeMethodAccessorImpl.java:39)
	at sun.reflect.DelegatingMethodAccessorImpl.invoke(DelegatingMethodAccessorImpl.java:25)
	at java.lang.reflect.Method.invoke(Method.java:597)
	at org.springframework.aop.support.AopUtils.invokeJoinpointUsingReflection(AopUtils.java:318)
	at org.springframework.aop.framework.JdkDynamicAopProxy.invoke(JdkDynamicAopProxy.java:196)
	at $Proxy24.readSiteBySiteId(Unknown Source)
	at com.test.dao.SiteDAOTest.testUpdateSite(SiteDAOTest.java:62)
	at sun.reflect.NativeMethodAccessorImpl.invoke0(Native Method)
	at sun.reflect.NativeMethodAccessorImpl.invoke(NativeMethodAccessorImpl.java:39)
	at sun.reflect.DelegatingMethodAccessorImpl.invoke(DelegatingMethodAccessorImpl.java:25)
	at java.lang.reflect.Method.invoke(Method.java:597)
	at org.junit.runners.model.FrameworkMethod$1.runReflectiveCall(FrameworkMethod.java:44)
	at org.junit.internal.runners.model.ReflectiveCallable.run(ReflectiveCallable.java:15)
	at org.junit.runners.model.FrameworkMethod.invokeExplosively(FrameworkMethod.java:41)
	at org.junit.internal.runners.statements.InvokeMethod.evaluate(InvokeMethod.java:20)
	at org.springframework.test.context.junit4.statements.RunBeforeTestMethodCallbacks.evaluate(RunBeforeTestMethodCallbacks.java:74)
	at org.springframework.test.context.junit4.statements.RunAfterTestMethodCallbacks.evaluate(RunAfterTestMethodCallbacks.java:83)
	at org.springframework.test.context.junit4.statements.SpringRepeat.evaluate(SpringRepeat.java:72)
	at org.springframework.test.context.junit4.SpringJUnit4ClassRunner.runChild(SpringJUnit4ClassRunner.java:231)
	at org.junit.runners.BlockJUnit4ClassRunner.runChild(BlockJUnit4ClassRunner.java:50)
	at org.junit.runners.ParentRunner$3.run(ParentRunner.java:193)
	at org.junit.runners.ParentRunner$1.schedule(ParentRunner.java:52)
	at org.junit.runners.ParentRunner.runChildren(ParentRunner.java:191)
	at org.junit.runners.ParentRunner.access$000(ParentRunner.java:42)
	at org.junit.runners.ParentRunner$2.evaluate(ParentRunner.java:184)
	at org.springframework.test.context.junit4.statements.RunBeforeTestClassCallbacks.evaluate(RunBeforeTestClassCallbacks.java:61)
	at org.springframework.test.context.junit4.statements.RunAfterTestClassCallbacks.evaluate(RunAfterTestClassCallbacks.java:71)
	at org.junit.runners.ParentRunner.run(ParentRunner.java:236)
	at org.springframework.test.context.junit4.SpringJUnit4ClassRunner.run(SpringJUnit4ClassRunner.java:174)
	at org.apache.maven.surefire.junit4.JUnit4TestSet.execute(JUnit4TestSet.java:53)
	at org.apache.maven.surefire.junit4.JUnit4Provider.executeTestSet(JUnit4Provider.java:123)
	at org.apache.maven.surefire.junit4.JUnit4Provider.invoke(JUnit4Provider.java:104)
	at sun.reflect.NativeMethodAccessorImpl.invoke0(Native Method)
	at sun.reflect.NativeMethodAccessorImpl.invoke(NativeMethodAccessorImpl.java:39)
	at sun.reflect.DelegatingMethodAccessorImpl.invoke(DelegatingMethodAccessorImpl.java:25)
	at java.lang.reflect.Method.invoke(Method.java:597)
	at org.apache.maven.surefire.util.ReflectionUtils.invokeMethodWithArray(ReflectionUtils.java:164)
	at org.apache.maven.surefire.booter.ProviderFactory$ProviderProxy.invoke(ProviderFactory.java:110)
	at org.apache.maven.surefire.booter.SurefireStarter.invokeProvider(SurefireStarter.java:175)
	at org.apache.maven.surefire.booter.SurefireStarter.runSuitesInProcessWhenForked(SurefireStarter.java:107)
	at org.apache.maven.surefire.booter.ForkedBooter.main(ForkedBooter.java:68)
Caused by: org.hibernate.exception.SQLGrammarException: Column "SITE0_.LANGUAGE_CODE" not found; SQL statement:
select site0_.site_id as site1_1_1_, site0_.country_code as country2_1_1_, site0_.default_promotion_id as default4_1_1_, site0_.login_time_limit as login3_1_1_, site0_.country_code + '.' + site0_.language_code + '.' + site0_.brand_code as formula0_1_, promotion1_.promotion_id as promotion1_0_0_, promotion1_.name as name0_0_ from site site0_ left outer join promotion promotion1_ on site0_.default_promotion_id=promotion1_.promotion_id where site0_.site_id=? [42122-140]
	at org.hibernate.exception.internal.SQLStateConversionDelegate.convert(SQLStateConversionDelegate.java:122)
	at org.hibernate.exception.internal.StandardSQLExceptionConverter.convert(StandardSQLExceptionConverter.java:49)
	at org.hibernate.engine.jdbc.spi.SqlExceptionHelper.convert(SqlExceptionHelper.java:125)
	at org.hibernate.engine.jdbc.spi.SqlExceptionHelper.convert(SqlExceptionHelper.java:110)
	at org.hibernate.engine.jdbc.internal.proxy.ConnectionProxyHandler.continueInvocation(ConnectionProxyHandler.java:146)
	at org.hibernate.engine.jdbc.internal.proxy.AbstractProxyHandler.invoke(AbstractProxyHandler.java:81)
	at $Proxy27.prepareStatement(Unknown Source)
	at org.hibernate.engine.jdbc.internal.StatementPreparerImpl$5.doPrepare(StatementPreparerImpl.java:147)
	at org.hibernate.engine.jdbc.internal.StatementPreparerImpl$StatementPreparationTemplate.prepareStatement(StatementPreparerImpl.java:166)
	at org.hibernate.engine.jdbc.internal.StatementPreparerImpl.prepareQueryStatement(StatementPreparerImpl.java:145)
	at org.hibernate.loader.Loader.prepareQueryStatement(Loader.java:1711)
	at org.hibernate.loader.Loader.doQuery(Loader.java:828)
	at org.hibernate.loader.Loader.doQueryAndInitializeNonLazyCollections(Loader.java:289)
	at org.hibernate.loader.Loader.doQueryAndInitializeNonLazyCollections(Loader.java:259)
	at org.hibernate.loader.Loader.loadEntity(Loader.java:2033)
	at org.hibernate.loader.entity.AbstractEntityLoader.load(AbstractEntityLoader.java:82)
	at org.hibernate.loader.entity.AbstractEntityLoader.load(AbstractEntityLoader.java:72)
	at org.hibernate.persister.entity.AbstractEntityPersister.load(AbstractEntityPersister.java:3719)
	at org.hibernate.event.internal.DefaultLoadEventListener.loadFromDatasource(DefaultLoadEventListener.java:449)
	at org.hibernate.event.internal.DefaultLoadEventListener.doLoad(DefaultLoadEventListener.java:418)
	at org.hibernate.event.internal.DefaultLoadEventListener.load(DefaultLoadEventListener.java:204)
	at org.hibernate.event.internal.DefaultLoadEventListener.proxyOrLoad(DefaultLoadEventListener.java:251)
	at org.hibernate.event.internal.DefaultLoadEventListener.onLoad(DefaultLoadEventListener.java:148)
	at org.hibernate.internal.SessionImpl.fireLoad(SessionImpl.java:1079)
	at org.hibernate.internal.SessionImpl.access$2200(SessionImpl.java:172)
	at org.hibernate.internal.SessionImpl$IdentifierLoadAccessImpl.load(SessionImpl.java:2425)
	at org.hibernate.internal.SessionImpl.get(SessionImpl.java:975)
	at org.hibernate.ejb.AbstractEntityManagerImpl.find(AbstractEntityManagerImpl.java:807)
	... 56 more
Caused by: org.h2.jdbc.JdbcSQLException: Column "SITE0_.LANGUAGE_CODE" not found; SQL statement:
select site0_.site_id as site1_1_1_, site0_.country_code as country2_1_1_, site0_.default_promotion_id as default4_1_1_, site0_.login_time_limit as login3_1_1_, site0_.country_code + '.' + site0_.language_code + '.' + site0_.brand_code as formula0_1_, promotion1_.promotion_id as promotion1_0_0_, promotion1_.name as name0_0_ from site site0_ left outer join promotion promotion1_ on site0_.default_promotion_id=promotion1_.promotion_id where site0_.site_id=? [42122-140]
	at org.h2.message.DbException.getJdbcSQLException(DbException.java:327)
	at org.h2.message.DbException.get(DbException.java:167)
	at org.h2.message.DbException.get(DbException.java:144)
	at org.h2.expression.ExpressionColumn.optimize(ExpressionColumn.java:127)
	at org.h2.expression.Operation.optimize(Operation.java:171)
	at org.h2.expression.Operation.optimize(Operation.java:152)
	at org.h2.expression.Operation.optimize(Operation.java:152)
	at org.h2.expression.Alias.optimize(Alias.java:47)
	at org.h2.command.dml.Select.prepare(Select.java:738)
	at org.h2.command.Parser.prepare(Parser.java:202)
	at org.h2.command.Parser.prepareCommand(Parser.java:214)
	at org.h2.engine.Session.prepareLocal(Session.java:434)
	at org.h2.engine.Session.prepareCommand(Session.java:384)
	at org.h2.jdbc.JdbcConnection.prepareCommand(JdbcConnection.java:1071)
	at org.h2.jdbc.JdbcPreparedStatement.<init>(JdbcPreparedStatement.java:71)
	at org.h2.jdbc.JdbcConnection.prepareStatement(JdbcConnection.java:234)
	at sun.reflect.NativeMethodAccessorImpl.invoke0(Native Method)
	at sun.reflect.NativeMethodAccessorImpl.invoke(NativeMethodAccessorImpl.java:39)
	at sun.reflect.DelegatingMethodAccessorImpl.invoke(DelegatingMethodAccessorImpl.java:25)
	at java.lang.reflect.Method.invoke(Method.java:597)
	at org.hibernate.engine.jdbc.internal.proxy.ConnectionProxyHandler.continueInvocation(ConnectionProxyHandler.java:138)
	... 79 more
testReadSiteBySiteCode(com.test.dao.SiteDAOTest)  Time elapsed: 0.024 sec  <<< ERROR!
javax.persistence.PersistenceException: org.hibernate.exception.SQLGrammarException: Column "SITE0_.LANGUAGE_CODE" not found; SQL statement:
select site0_.site_id as site1_1_, site0_.country_code as country2_1_, site0_.default_promotion_id as default4_1_, site0_.login_time_limit as login3_1_, site0_.country_code + '.' + site0_.language_code + '.' + site0_.brand_code as formula0_ from site site0_ where site0_.country_code + '.' + site0_.language_code + '.' + site0_.brand_code=? limit ? [42122-140]
	at org.hibernate.ejb.AbstractEntityManagerImpl.convert(AbstractEntityManagerImpl.java:1377)
	at org.hibernate.ejb.AbstractEntityManagerImpl.convert(AbstractEntityManagerImpl.java:1300)
	at org.hibernate.ejb.QueryImpl.getSingleResult(QueryImpl.java:318)
	at sun.reflect.NativeMethodAccessorImpl.invoke0(Native Method)
	at sun.reflect.NativeMethodAccessorImpl.invoke(NativeMethodAccessorImpl.java:39)
	at sun.reflect.DelegatingMethodAccessorImpl.invoke(DelegatingMethodAccessorImpl.java:25)
	at java.lang.reflect.Method.invoke(Method.java:597)
	at org.springframework.orm.jpa.SharedEntityManagerCreator$DeferredQueryInvocationHandler.invoke(SharedEntityManagerCreator.java:310)
	at $Proxy28.getSingleResult(Unknown Source)
	at com.test.dao.jpa.SiteDAOJPA.readSiteBySiteCode(SiteDAOJPA.java:33)
	at sun.reflect.NativeMethodAccessorImpl.invoke0(Native Method)
	at sun.reflect.NativeMethodAccessorImpl.invoke(NativeMethodAccessorImpl.java:39)
	at sun.reflect.DelegatingMethodAccessorImpl.invoke(DelegatingMethodAccessorImpl.java:25)
	at java.lang.reflect.Method.invoke(Method.java:597)
	at org.springframework.aop.support.AopUtils.invokeJoinpointUsingReflection(AopUtils.java:318)
	at org.springframework.aop.framework.JdkDynamicAopProxy.invoke(JdkDynamicAopProxy.java:196)
	at $Proxy24.readSiteBySiteCode(Unknown Source)
	at com.test.dao.SiteDAOTest.testReadSiteBySiteCode(SiteDAOTest.java:79)
	at sun.reflect.NativeMethodAccessorImpl.invoke0(Native Method)
	at sun.reflect.NativeMethodAccessorImpl.invoke(NativeMethodAccessorImpl.java:39)
	at sun.reflect.DelegatingMethodAccessorImpl.invoke(DelegatingMethodAccessorImpl.java:25)
	at java.lang.reflect.Method.invoke(Method.java:597)
	at org.junit.runners.model.FrameworkMethod$1.runReflectiveCall(FrameworkMethod.java:44)
	at org.junit.internal.runners.model.ReflectiveCallable.run(ReflectiveCallable.java:15)
	at org.junit.runners.model.FrameworkMethod.invokeExplosively(FrameworkMethod.java:41)
	at org.junit.internal.runners.statements.InvokeMethod.evaluate(InvokeMethod.java:20)
	at org.springframework.test.context.junit4.statements.RunBeforeTestMethodCallbacks.evaluate(RunBeforeTestMethodCallbacks.java:74)
	at org.springframework.test.context.junit4.statements.RunAfterTestMethodCallbacks.evaluate(RunAfterTestMethodCallbacks.java:83)
	at org.springframework.test.context.junit4.statements.SpringRepeat.evaluate(SpringRepeat.java:72)
	at org.springframework.test.context.junit4.SpringJUnit4ClassRunner.runChild(SpringJUnit4ClassRunner.java:231)
	at org.junit.runners.BlockJUnit4ClassRunner.runChild(BlockJUnit4ClassRunner.java:50)
	at org.junit.runners.ParentRunner$3.run(ParentRunner.java:193)
	at org.junit.runners.ParentRunner$1.schedule(ParentRunner.java:52)
	at org.junit.runners.ParentRunner.runChildren(ParentRunner.java:191)
	at org.junit.runners.ParentRunner.access$000(ParentRunner.java:42)
	at org.junit.runners.ParentRunner$2.evaluate(ParentRunner.java:184)
	at org.springframework.test.context.junit4.statements.RunBeforeTestClassCallbacks.evaluate(RunBeforeTestClassCallbacks.java:61)
	at org.springframework.test.context.junit4.statements.RunAfterTestClassCallbacks.evaluate(RunAfterTestClassCallbacks.java:71)
	at org.junit.runners.ParentRunner.run(ParentRunner.java:236)
	at org.springframework.test.context.junit4.SpringJUnit4ClassRunner.run(SpringJUnit4ClassRunner.java:174)
	at org.apache.maven.surefire.junit4.JUnit4TestSet.execute(JUnit4TestSet.java:53)
	at org.apache.maven.surefire.junit4.JUnit4Provider.executeTestSet(JUnit4Provider.java:123)
	at org.apache.maven.surefire.junit4.JUnit4Provider.invoke(JUnit4Provider.java:104)
	at sun.reflect.NativeMethodAccessorImpl.invoke0(Native Method)
	at sun.reflect.NativeMethodAccessorImpl.invoke(NativeMethodAccessorImpl.java:39)
	at sun.reflect.DelegatingMethodAccessorImpl.invoke(DelegatingMethodAccessorImpl.java:25)
	at java.lang.reflect.Method.invoke(Method.java:597)
	at org.apache.maven.surefire.util.ReflectionUtils.invokeMethodWithArray(ReflectionUtils.java:164)
	at org.apache.maven.surefire.booter.ProviderFactory$ProviderProxy.invoke(ProviderFactory.java:110)
	at org.apache.maven.surefire.booter.SurefireStarter.invokeProvider(SurefireStarter.java:175)
	at org.apache.maven.surefire.booter.SurefireStarter.runSuitesInProcessWhenForked(SurefireStarter.java:107)
	at org.apache.maven.surefire.booter.ForkedBooter.main(ForkedBooter.java:68)
Caused by: org.hibernate.exception.SQLGrammarException: Column "SITE0_.LANGUAGE_CODE" not found; SQL statement:
select site0_.site_id as site1_1_, site0_.country_code as country2_1_, site0_.default_promotion_id as default4_1_, site0_.login_time_limit as login3_1_, site0_.country_code + '.' + site0_.language_code + '.' + site0_.brand_code as formula0_ from site site0_ where site0_.country_code + '.' + site0_.language_code + '.' + site0_.brand_code=? limit ? [42122-140]
	at org.hibernate.exception.internal.SQLStateConversionDelegate.convert(SQLStateConversionDelegate.java:122)
	at org.hibernate.exception.internal.StandardSQLExceptionConverter.convert(StandardSQLExceptionConverter.java:49)
	at org.hibernate.engine.jdbc.spi.SqlExceptionHelper.convert(SqlExceptionHelper.java:125)
	at org.hibernate.engine.jdbc.spi.SqlExceptionHelper.convert(SqlExceptionHelper.java:110)
	at org.hibernate.engine.jdbc.internal.proxy.ConnectionProxyHandler.continueInvocation(ConnectionProxyHandler.java:146)
	at org.hibernate.engine.jdbc.internal.proxy.AbstractProxyHandler.invoke(AbstractProxyHandler.java:81)
	at $Proxy27.prepareStatement(Unknown Source)
	at org.hibernate.engine.jdbc.internal.StatementPreparerImpl$5.doPrepare(StatementPreparerImpl.java:147)
	at org.hibernate.engine.jdbc.internal.StatementPreparerImpl$StatementPreparationTemplate.prepareStatement(StatementPreparerImpl.java:166)
	at org.hibernate.engine.jdbc.internal.StatementPreparerImpl.prepareQueryStatement(StatementPreparerImpl.java:145)
	at org.hibernate.loader.Loader.prepareQueryStatement(Loader.java:1711)
	at org.hibernate.loader.Loader.doQuery(Loader.java:828)
	at org.hibernate.loader.Loader.doQueryAndInitializeNonLazyCollections(Loader.java:289)
	at org.hibernate.loader.Loader.doList(Loader.java:2438)
	at org.hibernate.loader.Loader.doList(Loader.java:2424)
	at org.hibernate.loader.Loader.listIgnoreQueryCache(Loader.java:2254)
	at org.hibernate.loader.Loader.list(Loader.java:2249)
	at org.hibernate.loader.hql.QueryLoader.list(QueryLoader.java:470)
	at org.hibernate.hql.internal.ast.QueryTranslatorImpl.list(QueryTranslatorImpl.java:355)
	at org.hibernate.engine.query.spi.HQLQueryPlan.performList(HQLQueryPlan.java:195)
	at org.hibernate.internal.SessionImpl.list(SessionImpl.java:1248)
	at org.hibernate.internal.QueryImpl.list(QueryImpl.java:101)
	at org.hibernate.ejb.QueryImpl.getSingleResult(QueryImpl.java:285)
	... 49 more
Caused by: org.h2.jdbc.JdbcSQLException: Column "SITE0_.LANGUAGE_CODE" not found; SQL statement:
select site0_.site_id as site1_1_, site0_.country_code as country2_1_, site0_.default_promotion_id as default4_1_, site0_.login_time_limit as login3_1_, site0_.country_code + '.' + site0_.language_code + '.' + site0_.brand_code as formula0_ from site site0_ where site0_.country_code + '.' + site0_.language_code + '.' + site0_.brand_code=? limit ? [42122-140]
	at org.h2.message.DbException.getJdbcSQLException(DbException.java:327)
	at org.h2.message.DbException.get(DbException.java:167)
	at org.h2.message.DbException.get(DbException.java:144)
	at org.h2.expression.ExpressionColumn.optimize(ExpressionColumn.java:127)
	at org.h2.expression.Operation.optimize(Operation.java:171)
	at org.h2.expression.Operation.optimize(Operation.java:152)
	at org.h2.expression.Operation.optimize(Operation.java:152)
	at org.h2.expression.Alias.optimize(Alias.java:47)
	at org.h2.command.dml.Select.prepare(Select.java:738)
	at org.h2.command.Parser.prepare(Parser.java:202)
	at org.h2.command.Parser.prepareCommand(Parser.java:214)
	at org.h2.engine.Session.prepareLocal(Session.java:434)
	at org.h2.engine.Session.prepareCommand(Session.java:384)
	at org.h2.jdbc.JdbcConnection.prepareCommand(JdbcConnection.java:1071)
	at org.h2.jdbc.JdbcPreparedStatement.<init>(JdbcPreparedStatement.java:71)
	at org.h2.jdbc.JdbcConnection.prepareStatement(JdbcConnection.java:234)
	at sun.reflect.NativeMethodAccessorImpl.invoke0(Native Method)
	at sun.reflect.NativeMethodAccessorImpl.invoke(NativeMethodAccessorImpl.java:39)
	at sun.reflect.DelegatingMethodAccessorImpl.invoke(DelegatingMethodAccessorImpl.java:25)
	at java.lang.reflect.Method.invoke(Method.java:597)
	at org.hibernate.engine.jdbc.internal.proxy.ConnectionProxyHandler.continueInvocation(ConnectionProxyHandler.java:138)
	... 67 more
